<?xml version="1.0" encoding="UTF-8"?>
<!-- Generated by org.testng.reporters.JUnitReportReporter -->
<testsuite hostname="TVDLT054" failures="0" tests="1" name="ninja.techved.com_testCases.TC2_Login" time="0.000" errors="0" timestamp="2021-09-16T18:00:06 IST" skipped="1">
  <testcase classname="ninja.techved.com_testCases.TC2_Login" name="TC2_Login" time="0.000">
    <skipped/>
  </testcase> <!-- TC2_Login -->
  <system-out/>
</testsuite> <!-- ninja.techved.com_testCases.TC2_Login -->
